KT-MOSS_QTEST/proguard/seeds.txt
com.google.gson.FieldNamingPolicy: com.google.gson.FieldNamingPolicy[] values()
com.google.gson.FieldNamingPolicy: com.google.gson.FieldNamingPolicy valueOf(java.lang.String)
com.google.gson.LongSerializationPolicy: com.google.gson.LongSerializationPolicy[] values()
com.google.gson.LongSerializationPolicy: com.google.gson.LongSerializationPolicy valueOf(java.lang.String)
com.google.gson.stream.JsonToken: com.google.gson.stream.JsonToken[] values()
com.google.gson.stream.JsonToken: com.google.gson.stream.JsonToken valueOf(java.lang.String)
com.kt.moss.qtest.Login
com.kt.moss.qtest.Login: Login()
com.kt.moss.qtest.Login: void clickLoginBtn(android.view.View)
com.kt.moss.qtest.Moss
com.kt.moss.qtest.Moss: Moss()
com.kt.moss.qtest.OrderDetailInternetPhone_I
com.kt.moss.qtest.OrderDetailInternetPhone_I: OrderDetailInternetPhone_I()
com.kt.moss.qtest.OrderDetailInternetPhone_I: void clickReset(android.view.View)
com.kt.moss.qtest.OrderDetailInternetPhone_I: void runTest(android.view.View)
com.kt.moss.qtest.OrderDetailInternetPhone_I: void clickBack(android.view.View)
com.kt.moss.qtest.OrderDetailInternetPhone_R
com.kt.moss.qtest.OrderDetailInternetPhone_R: OrderDetailInternetPhone_R()
com.kt.moss.qtest.OrderDetailInternetPhone_R: void clickReset(android.view.View)
com.kt.moss.qtest.OrderDetailInternetPhone_R: void runTest(android.view.View)
com.kt.moss.qtest.OrderDetailInternetPhone_R: void clickBack(android.view.View)
com.kt.moss.qtest.OrderDetailInternetTV_I
com.kt.moss.qtest.OrderDetailInternetTV_I: OrderDetailInternetTV_I()
com.kt.moss.qtest.OrderDetailInternetTV_I: void clickReset(android.view.View)
com.kt.moss.qtest.OrderDetailInternetTV_I: void clickBack(android.view.View)
com.kt.moss.qtest.OrderDetailInternetTV_R
com.kt.moss.qtest.OrderDetailInternetTV_R: OrderDetailInternetTV_R()
com.kt.moss.qtest.OrderDetailInternetTV_R: void clickReset(android.view.View)
com.kt.moss.qtest.OrderDetailInternetTV_R: void clickBack(android.view.View)
com.kt.moss.qtest.OrderDetailInternet_I
com.kt.moss.qtest.OrderDetailInternet_I: OrderDetailInternet_I()
com.kt.moss.qtest.OrderDetailInternet_I: void clickReset(android.view.View)
com.kt.moss.qtest.OrderDetailInternet_I: void runTest(android.view.View)
com.kt.moss.qtest.OrderDetailInternet_I: void clickBack(android.view.View)
com.kt.moss.qtest.OrderDetailInternet_R
com.kt.moss.qtest.OrderDetailInternet_R: OrderDetailInternet_R()
com.kt.moss.qtest.OrderDetailInternet_R: void clickReset(android.view.View)
com.kt.moss.qtest.OrderDetailInternet_R: void runTest(android.view.View)
com.kt.moss.qtest.OrderDetailInternet_R: void clickBack(android.view.View)
com.kt.moss.qtest.OrderList
com.kt.moss.qtest.OrderList: OrderList()
com.kt.moss.qtest.OrderList: void clickReset(android.view.View)
com.kt.moss.qtest.VcTest
com.kt.moss.qtest.VcTest: VcTest()
com.kt.moss.qtest.VcTest: void clickCloseBtn(android.view.View)
com.kt.moss.qtest.VcTest: void clickStartBtn(android.view.View)