KT-MOSS_QTEST/proguard/mapping.txt
com.google.gson.LongSerializationPolicy$1 -> com.a.a.ac:
com.google.gson.LongSerializationPolicy$2 -> com.a.a.ad:
com.google.gson.TypeAdapter -> com.a.a.ae:
    void write(com.google.gson.stream.JsonWriter,java.lang.Object) -> a
    com.google.gson.JsonElement toJsonTree(java.lang.Object) -> a
    java.lang.Object read(com.google.gson.stream.JsonReader) -> a
com.google.gson.TypeAdapterFactory -> com.a.a.af:
    com.google.gson.TypeAdapter create(com.google.gson.Gson,com.google.gson.reflect.TypeToken) -> a
com.google.gson.annotations.Expose -> com.a.a.a.a:
    boolean serialize() -> a
    boolean deserialize() -> b
com.google.gson.annotations.SerializedName -> com.a.a.a.b:
    java.lang.String value() -> a
com.google.gson.annotations.Since -> com.a.a.a.c:
    double value() -> a
com.google.gson.annotations.Until -> com.a.a.a.d:
    double value() -> a
com.google.gson.internal.$Gson$Preconditions -> com.a.a.b.a:
    java.lang.Object checkNotNull(java.lang.Object) -> a
    void checkArgument(boolean) -> a
com.google.gson.internal.$Gson$Types -> com.a.a.b.b:
    java.lang.reflect.Type[] EMPTY_TYPE_ARRAY -> a
    java.lang.reflect.GenericArrayType arrayOf(java.lang.reflect.Type) -> f
    java.lang.reflect.Type canonicalize(java.lang.reflect.Type) -> a
    java.lang.Class getRawType(java.lang.reflect.Type) -> b
    boolean equals(java.lang.reflect.Type,java.lang.reflect.Type) -> a
    java.lang.String typeToString(java.lang.reflect.Type) -> c
    java.lang.reflect.Type getGenericSupertype(java.lang.reflect.Type,java.lang.Class,java.lang.Class) -> a
    java.lang.reflect.Type getSupertype(java.lang.reflect.Type,java.lang.Class,java.lang.Class) -> b
    java.lang.reflect.Type getArrayComponentType(java.lang.reflect.Type) -> d
    java.lang.reflect.Type getCollectionElementType(java.lang.reflect.Type,java.lang.Class) -> a
    java.lang.reflect.Type[] getMapKeyAndValueTypes(java.lang.reflect.Type,java.lang.Class) -> b
    java.lang.reflect.Type resolve(java.lang.reflect.Type,java.lang.Class,java.lang.reflect.Type) -> a
    void access$000(java.lang.reflect.Type) -> e
    int access$100(java.lang.Object) -> a
com.google.gson.internal.$Gson$Types$GenericArrayTypeImpl -> com.a.a.b.c:
    java.lang.reflect.Type componentType -> a
    java.lang.reflect.Type getGenericComponentType() -> getGenericComponentType
    boolean equals(java.lang.Object) -> equals
    int hashCode() -> hashCode
    java.lang.String toString() -> toString
com.google.gson.internal.$Gson$Types$ParameterizedTypeImpl -> com.a.a.b.d:
    java.lang.reflect.Type ownerType -> a
    java.lang.reflect.Type rawType -> b
    java.lang.reflect.Type[] typeArguments -> c
    java.lang.reflect.Type[] getActualTypeArguments() -> getActualTypeArguments
    java.lang.reflect.Type getRawType() -> getRawType
    java.lang.reflect.Type getOwnerType() -> getOwnerType
    boolean equals(java.lang.Object) -> equals
    int hashCode() -> hashCode
    java.lang.String toString() -> toString
com.google.gson.internal.$Gson$Types$WildcardTypeImpl -> com.a.a.b.e:
    java.lang.reflect.Type upperBound -> a
    java.lang.reflect.Type lowerBound -> b
    java.lang.reflect.Type[] getUpperBounds() -> getUpperBounds
    java.lang.reflect.Type[] getLowerBounds() -> getLowerBounds
    boolean equals(java.lang.Object) -> equals
    int hashCode() -> hashCode
    java.lang.String toString() -> toString
com.google.gson.internal.ConstructorConstructor -> com.a.a.b.f:
    java.util.Map instanceCreators -> a
    com.google.gson.internal.ObjectConstructor get(com.google.gson.reflect.TypeToken) -> a
    com.google.gson.internal.ObjectConstructor newDefaultConstructor(java.lang.Class) -> a
    java.lang.String toString() -> toString