KT-MOSS_QTEST/proguard/usage.txt
com.google.gson.FieldAttributes:
    53:53:public java.lang.Class getDeclaringClass()
    60:60:public java.lang.String getName()
    80:80:public java.lang.reflect.Type getDeclaredType()
    100:100:public java.lang.Class getDeclaredClass()
    111:111:public java.lang.annotation.Annotation getAnnotation(java.lang.Class)
    121:121:public java.util.Collection getAnnotations()
    135:135:public boolean hasModifier(int)
    146:146:java.lang.Object get(java.lang.Object)
    155:155:boolean isSynthetic()
com.google.gson.Gson:
    static final boolean DEFAULT_JSON_NON_EXECUTABLE
    private static final java.lang.String JSON_NON_EXECUTABLE_PREFIX
    462:465:public com.google.gson.JsonElement toJsonTree(java.lang.Object)
    485:487:public com.google.gson.JsonElement toJsonTree(java.lang.Object,java.lang.reflect.Type)
    504:507:public java.lang.String toJson(java.lang.Object)
    526:528:public java.lang.String toJson(java.lang.Object,java.lang.reflect.Type)
    546:551:public void toJson(java.lang.Object,java.lang.Appendable)
    571:576:public void toJson(java.lang.Object,java.lang.reflect.Type,java.lang.Appendable)
    585:601:public void toJson(java.lang.Object,java.lang.reflect.Type,com.google.gson.stream.JsonWriter)
    611:613:public java.lang.String toJson(com.google.gson.JsonElement)
    626:631:public void toJson(com.google.gson.JsonElement,java.lang.Appendable)
    638:646:private com.google.gson.stream.JsonWriter newJsonWriter(java.io.Writer)
    654:669:public void toJson(com.google.gson.JsonElement,com.google.gson.stream.JsonWriter)
    689:690:public java.lang.Object fromJson(java.lang.String,java.lang.Class)
    713:718:public java.lang.Object fromJson(java.lang.String,java.lang.reflect.Type)
    767:770:public java.lang.Object fromJson(java.io.Reader,java.lang.reflect.Type)
    841:842:public java.lang.Object fromJson(com.google.gson.JsonElement,java.lang.Class)
com.google.gson.Gson$1:
    126:126:public java.lang.Object deserialize(com.google.gson.JsonElement,java.lang.reflect.Type)
com.google.gson.Gson$2:
    132:132:public com.google.gson.JsonElement serialize(java.lang.Object)
    135:135:public com.google.gson.JsonElement serialize(java.lang.Object,java.lang.reflect.Type)
com.google.gson.GsonBuilder
com.google.gson.JsonArray:
    45:49:com.google.gson.JsonArray deepCopy()
    70:71:public void addAll(com.google.gson.JsonArray)
    79:79:public int size()
    101:101:public com.google.gson.JsonElement get(int)
    163:166:public java.math.BigDecimal getAsBigDecimal()
    180:183:public java.math.BigInteger getAsBigInteger()
    196:199:public float getAsFloat()
    236:239:public byte getAsByte()
    244:247:public char getAsCharacter()
    260:263:public short getAsShort()
    33:33:bridge synthetic com.google.gson.JsonElement deepCopy()
com.google.gson.JsonDeserializationContext:
    public abstract java.lang.Object deserialize(com.google.gson.JsonElement,java.lang.reflect.Type)
com.google.gson.JsonDeserializer
com.google.gson.JsonElement:
    abstract com.google.gson.JsonElement deepCopy()
    136:139:public com.google.gson.JsonNull getAsJsonNull()
    217:217:public float getAsFloat()
    257:257:public byte getAsByte()
    271:271:public char getAsCharacter()
    285:285:public java.math.BigDecimal getAsBigDecimal()
    299:299:public java.math.BigInteger getAsBigInteger()
    312:312:public short getAsShort()
com.google.gson.JsonIOException:
    private static final long serialVersionUID
    33:34:public JsonIOException(java.lang.String,java.lang.Throwable)
com.google.gson.JsonNull:
    45:45:com.google.gson.JsonNull deepCopy()
    26:26:bridge synthetic com.google.gson.JsonElement deepCopy()